<?xml version="1.0" encoding="UTF-8"?>
<!-- Generated by org.testng.reporters.JUnitXMLReporter -->
<testsuite hostname="DESKTOP-9445UGT" ignored="0" name="geckotest" tests="1" failures="1" timestamp="11 Sep 2019 04:52:50 GMT" time="0.013" errors="0">
  <testcase name="getBrowser" time="0.003" classname="com.common.BaseNewCross">
    <failure type="java.lang.NullPointerException">
      <![CDATA[java.lang.NullPointerException
at com.common.BaseNewCross.getBrowser(BaseNewCross.java:35)
... Removed 25 stack frames]]>
    </failure>
  </testcase> <!-- getBrowser -->
</testsuite> <!-- geckotest -->
